#
# There is insufficient memory for the Java Runtime Environment to continue.
# Native memory allocation (malloc) failed to allocate 2006096 bytes for Chunk::new
# Possible reasons:
#   The system is out of physical RAM or swap space
#   The process is running with CompressedOops enabled, and the Java Heap may be blocking the growth of the native heap
# Possible solutions:
#   Reduce memory load on the system
#   Increase physical memory or swap space
#   Check if swap backing store is full
#   Decrease Java heap size (-Xmx/-Xms)
#   Decrease number of Java threads
#   Decrease Java thread stack sizes (-Xss)
#   Set larger code cache with -XX:ReservedCodeCacheSize=
#   JVM is running with Unscaled Compressed Oops mode in which the Java heap is
#     placed in the first 4GB address space. The Java Heap base address is the
#     maximum limit for the native heap growth. Please use -XX:HeapBaseMinAddress
#     to set the Java Heap base and to place the Java Heap above 4GB virtual address.
# This output file may be truncated or incomplete.
#
#  Out of Memory Error (./open/src/hotspot/share/memory/arena.cpp:195), pid=13132, tid=13096
#
# JRE version: OpenJDK Runtime Environment (14.0.2+12) (build 14.0.2+12-46)
# Java VM: OpenJDK 64-Bit Server VM (14.0.2+12-46, mixed mode, tiered, compressed oops, g1 gc, windows-amd64)
# No core dump will be written. Minidumps are not enabled by default on client versions of Windows
#

---------------  S U M M A R Y ------------

Command Line: -Dfile.encoding=UTF-8 -XX:+ShowCodeDetailsInExceptionMessages com.bezkoder.spring.files.upload.SpringBootUploadFilesApplication

Host: Intel(R) Core(TM) i5-7300HQ CPU @ 2.50GHz, 4 cores, 7G,  Windows 10 , 64 bit Build 19041 (10.0.19041.1466)
Time: Thu Feb  3 22:19:22 2022 Paris, Madrid elapsed time: 2 seconds (0d 0h 0m 2s)

---------------  T H R E A D  ---------------

Current thread (0x000001a89db2b800):  JavaThread "C2 CompilerThread1" daemon [_thread_in_native, id=13096, stack(0x00000078b5200000,0x00000078b5300000)]


Current CompileTask:
C2:   2924 2715       4       jdk.internal.org.objectweb.asm.SymbolTable::addConstantMemberReference (147 bytes)

Stack: [0x00000078b5200000,0x00000078b5300000]
Native frames: (J=compiled Java code, j=interpreted, Vv=VM code, C=native code)
V  [jvm.dll+0x5f8a9a]
V  [jvm.dll+0x74247a]
V  [jvm.dll+0x743c2f]
V  [jvm.dll+0x744273]
V  [jvm.dll+0x20d288]
V  [jvm.dll+0xabb07]
V  [jvm.dll+0xac1fc]
V  [jvm.dll+0x31c438]
V  [jvm.dll+0x2e6b38]
V  [jvm.dll+0x2e5f3a]
V  [jvm.dll+0x1e5e16]
V  [jvm.dll+0x1e50b8]
V  [jvm.dll+0x1779cc]
V  [jvm.dll+0x1f4105]
V  [jvm.dll+0x1f22eb]
V  [jvm.dll+0x7070cd]
V  [jvm.dll+0x6ffeda]
V  [jvm.dll+0x5f78f6]
C  [ucrtbase.dll+0x21bb2]
C  [KERNEL32.DLL+0x17034]
C  [ntdll.dll+0x52651]


---------------  P R O C E S S  ---------------

Threads class SMR info:
_java_thread_list=0x000001a89e8ae000, length=12, elements={
0x000001a882ea3800, 0x000001a89cc16800, 0x000001a89cc18000, 0x000001a89d45e800,
0x000001a89d462000, 0x000001a89d463000, 0x000001a89d464000, 0x000001a89d4db800,
0x000001a89d4df000, 0x000001a89d5f8800, 0x000001a89d602000, 0x000001a89db2b800
}

Java Threads: ( => current thread )
  0x000001a882ea3800 JavaThread "main" [_thread_in_native, id=1208, stack(0x00000078b4000000,0x00000078b4100000)]
  0x000001a89cc16800 JavaThread "Reference Handler" daemon [_thread_blocked, id=2500, stack(0x00000078b4700000,0x00000078b4800000)]
  0x000001a89cc18000 JavaThread "Finalizer" daemon [_thread_blocked, id=2452, stack(0x00000078b4800000,0x00000078b4900000)]
  0x000001a89d45e800 JavaThread "Signal Dispatcher" daemon [_thread_blocked, id=6684, stack(0x00000078b4900000,0x00000078b4a00000)]
  0x000001a89d462000 JavaThread "Attach Listener" daemon [_thread_blocked, id=16320, stack(0x00000078b4a00000,0x00000078b4b00000)]
  0x000001a89d463000 JavaThread "Service Thread" daemon [_thread_blocked, id=20668, stack(0x00000078b4b00000,0x00000078b4c00000)]
  0x000001a89d464000 JavaThread "C2 CompilerThread0" daemon [_thread_in_native, id=3428, stack(0x00000078b4c00000,0x00000078b4d00000)]
  0x000001a89d4db800 JavaThread "C1 CompilerThread0" daemon [_thread_blocked, id=18368, stack(0x00000078b4d00000,0x00000078b4e00000)]
  0x000001a89d4df000 JavaThread "Sweeper thread" daemon [_thread_blocked, id=23088, stack(0x00000078b4e00000,0x00000078b4f00000)]
  0x000001a89d5f8800 JavaThread "Notification Thread" daemon [_thread_blocked, id=10172, stack(0x00000078b4f00000,0x00000078b5000000)]
  0x000001a89d602000 JavaThread "Common-Cleaner" daemon [_thread_blocked, id=2112, stack(0x00000078b5100000,0x00000078b5200000)]
=>0x000001a89db2b800 JavaThread "C2 CompilerThread1" daemon [_thread_in_native, id=13096, stack(0x00000078b5200000,0x00000078b5300000)]

Other Threads:
  0x000001a89cc00000 VMThread "VM Thread" [stack: 0x00000078b4600000,0x00000078b4700000] [id=12032]
  0x000001a89d5f9800 WatcherThread [stack: 0x00000078b5000000,0x00000078b5100000] [id=4196]
  0x000001a882ee4000 GCTaskThread "GC Thread#0" [stack: 0x00000078b4100000,0x00000078b4200000] [id=15876]
  0x000001a89dfcc800 GCTaskThread "GC Thread#1" [stack: 0x00000078b5300000,0x00000078b5400000] [id=20836]
  0x000001a89e149800 GCTaskThread "GC Thread#2" [stack: 0x00000078b5400000,0x00000078b5500000] [id=5552]
  0x000001a89e67f800 GCTaskThread "GC Thread#3" [stack: 0x00000078b5600000,0x00000078b5700000] [id=17012]
  0x000001a882ef7800 ConcurrentGCThread "G1 Main Marker" [stack: 0x00000078b4200000,0x00000078b4300000] [id=11600]
  0x000001a882efa000 ConcurrentGCThread "G1 Conc#0" [stack: 0x00000078b4300000,0x00000078b4400000] [id=20612]
  0x000001a89ca30800 ConcurrentGCThread "G1 Refine#0" [stack: 0x00000078b4400000,0x00000078b4500000] [id=21832]
  0x000001a882f73000 ConcurrentGCThread "G1 Young RemSet Sampling" [stack: 0x00000078b4500000,0x00000078b4600000] [id=10852]

Threads with active compile tasks:
C2 CompilerThread0     2948 2729       4       java.net.URLStreamHandler::parseURL (1201 bytes)
C2 CompilerThread1     2948 2715       4       jdk.internal.org.objectweb.asm.SymbolTable::addConstantMemberReference (147 bytes)

VM state:not at safepoint (normal execution)

VM Mutex/Monitor currently owned by a thread: None

Heap address: 0x0000000081200000, size: 2030 MB, Compressed Oops mode: 32-bit
Narrow klass base: 0x0000000000000000, Narrow klass shift: 3
Compressed class space size: 1073741824 Address: 0x0000000100000000

Heap:
 garbage-first heap   total 79872K, used 19189K [0x0000000081200000, 0x0000000100000000)
  region size 1024K, 15 young (15360K), 2 survivors (2048K)
 Metaspace       used 31412K, capacity 32101K, committed 32256K, reserved 1077248K
  class space    used 3731K, capacity 3993K, committed 4096K, reserved 1048576K
Heap Regions: E=young(eden), S=young(survivor), O=old, HS=humongous(starts), HC=humongous(continues), CS=collection set, F=free, OA=open archive, CA=closed archive, TAMS=top-at-mark-start (previous, next)
|   0|0x0000000081200000, 0x0000000081300000, 0x0000000081300000|100%| O|  |TAMS 0x0000000081300000, 0x0000000081200000| Untracked 
|   1|0x0000000081300000, 0x0000000081400000, 0x0000000081400000|100%| O|  |TAMS 0x0000000081400000, 0x0000000081300000| Untracked 
|   2|0x0000000081400000, 0x0000000081500000, 0x0000000081500000|100%| O|  |TAMS 0x0000000081500000, 0x0000000081400000| Untracked 
|   3|0x0000000081500000, 0x0000000081582800, 0x0000000081600000| 50%| O|  |TAMS 0x0000000081582800, 0x0000000081500000| Untracked 
|   4|0x0000000081600000, 0x0000000081700000, 0x0000000081700000|100%| O|  |TAMS 0x0000000081600000, 0x0000000081600000| Untracked 
|   5|0x0000000081700000, 0x0000000081800000, 0x0000000081800000|100%| O|  |TAMS 0x0000000081700000, 0x0000000081700000| Untracked 
|   6|0x0000000081800000, 0x00000000818ce800, 0x0000000081900000| 80%| O|  |TAMS 0x0000000081800000, 0x0000000081800000| Untracked 
|   7|0x0000000081900000, 0x0000000081900000, 0x0000000081a00000|  0%| F|  |TAMS 0x0000000081900000, 0x0000000081900000| Untracked 
|   8|0x0000000081a00000, 0x0000000081a00000, 0x0000000081b00000|  0%| F|  |TAMS 0x0000000081a00000, 0x0000000081a00000| Untracked 
|   9|0x0000000081b00000, 0x0000000081b00000, 0x0000000081c00000|  0%| F|  |TAMS 0x0000000081b00000, 0x0000000081b00000| Untracked 
|  10|0x0000000081c00000, 0x0000000081c00000, 0x0000000081d00000|  0%| F|  |TAMS 0x0000000081c00000, 0x0000000081c00000| Untracked 
|  11|0x0000000081d00000, 0x0000000081d00000, 0x0000000081e00000|  0%| F|  |TAMS 0x0000000081d00000, 0x0000000081d00000| Untracked 
|  12|0x0000000081e00000, 0x0000000081e00000, 0x0000000081f00000|  0%| F|  |TAMS 0x0000000081e00000, 0x0000000081e00000| Untracked 
|  13|0x0000000081f00000, 0x0000000081f6c6f0, 0x0000000082000000| 42%| S|CS|TAMS 0x0000000081f00000, 0x0000000081f00000| Complete 
|  14|0x0000000082000000, 0x0000000082100000, 0x0000000082100000|100%| S|CS|TAMS 0x0000000082000000, 0x0000000082000000| Complete 
|  15|0x0000000082100000, 0x0000000082100000, 0x0000000082200000|  0%| F|  |TAMS 0x0000000082100000, 0x0000000082100000| Untracked 
|  16|0x0000000082200000, 0x0000000082200000, 0x0000000082300000|  0%| F|  |TAMS 0x0000000082200000, 0x0000000082200000| Untracked 
|  17|0x0000000082300000, 0x0000000082300000, 0x0000000082400000|  0%| F|  |TAMS 0x0000000082300000, 0x0000000082300000| Untracked 
|  18|0x0000000082400000, 0x0000000082400000, 0x0000000082500000|  0%| F|  |TAMS 0x0000000082400000, 0x0000000082400000| Untracked 
|  19|0x0000000082500000, 0x0000000082500000, 0x0000000082600000|  0%| F|  |TAMS 0x0000000082500000, 0x0000000082500000| Untracked 
|  20|0x0000000082600000, 0x0000000082600000, 0x0000000082700000|  0%| F|  |TAMS 0x0000000082600000, 0x0000000082600000| Untracked 
|  21|0x0000000082700000, 0x0000000082700000, 0x0000000082800000|  0%| F|  |TAMS 0x0000000082700000, 0x0000000082700000| Untracked 
|  22|0x0000000082800000, 0x0000000082800000, 0x0000000082900000|  0%| F|  |TAMS 0x0000000082800000, 0x0000000082800000| Untracked 
|  23|0x0000000082900000, 0x0000000082900000, 0x0000000082a00000|  0%| F|  |TAMS 0x0000000082900000, 0x0000000082900000| Untracked 
|  24|0x0000000082a00000, 0x0000000082a00000, 0x0000000082b00000|  0%| F|  |TAMS 0x0000000082a00000, 0x0000000082a00000| Untracked 
|  25|0x0000000082b00000, 0x0000000082b00000, 0x0000000082c00000|  0%| F|  |TAMS 0x0000000082b00000, 0x0000000082b00000| Untracked 
|  26|0x0000000082c00000, 0x0000000082c00000, 0x0000000082d00000|  0%| F|  |TAMS 0x0000000082c00000, 0x0000000082c00000| Untracked 
|  27|0x0000000082d00000, 0x0000000082d00000, 0x0000000082e00000|  0%| F|  |TAMS 0x0000000082d00000, 0x0000000082d00000| Untracked 
|  28|0x0000000082e00000, 0x0000000082e00000, 0x0000000082f00000|  0%| F|  |TAMS 0x0000000082e00000, 0x0000000082e00000| Untracked 
|  29|0x0000000082f00000, 0x0000000082f00000, 0x0000000083000000|  0%| F|  |TAMS 0x0000000082f00000, 0x0000000082f00000| Untracked 
|  30|0x0000000083000000, 0x0000000083000000, 0x0000000083100000|  0%| F|  |TAMS 0x0000000083000000, 0x0000000083000000| Untracked 
|  31|0x0000000083100000, 0x0000000083100000, 0x0000000083200000|  0%| F|  |TAMS 0x0000000083100000, 0x0000000083100000| Untracked 
|  32|0x0000000083200000, 0x0000000083200000, 0x0000000083300000|  0%| F|  |TAMS 0x0000000083200000, 0x0000000083200000| Untracked 
|  33|0x0000000083300000, 0x0000000083300000, 0x0000000083400000|  0%| F|  |TAMS 0x0000000083300000, 0x0000000083300000| Untracked 
|  34|0x0000000083400000, 0x0000000083400000, 0x0000000083500000|  0%| F|  |TAMS 0x0000000083400000, 0x0000000083400000| Untracked 
|  35|0x0000000083500000, 0x0000000083500000, 0x0000000083600000|  0%| F|  |TAMS 0x0000000083500000, 0x0000000083500000| Untracked 
|  36|0x0000000083600000, 0x0000000083600000, 0x0000000083700000|  0%| F|  |TAMS 0x0000000083600000, 0x0000000083600000| Untracked 
|  37|0x0000000083700000, 0x0000000083700000, 0x0000000083800000|  0%| F|  |TAMS 0x0000000083700000, 0x0000000083700000| Untracked 
|  38|0x0000000083800000, 0x0000000083800000, 0x0000000083900000|  0%| F|  |TAMS 0x0000000083800000, 0x0000000083800000| Untracked 
|  39|0x0000000083900000, 0x0000000083900000, 0x0000000083a00000|  0%| F|  |TAMS 0x0000000083900000, 0x0000000083900000| Untracked 
|  40|0x0000000083a00000, 0x0000000083a00000, 0x0000000083b00000|  0%| F|  |TAMS 0x0000000083a00000, 0x0000000083a00000| Untracked 
|  41|0x0000000083b00000, 0x0000000083b00000, 0x0000000083c00000|  0%| F|  |TAMS 0x0000000083b00000, 0x0000000083b00000| Untracked 
|  42|0x0000000083c00000, 0x0000000083c00000, 0x0000000083d00000|  0%| F|  |TAMS 0x0000000083c00000, 0x0000000083c00000| Untracked 
|  43|0x0000000083d00000, 0x0000000083d00000, 0x0000000083e00000|  0%| F|  |TAMS 0x0000000083d00000, 0x0000000083d00000| Untracked 
|  44|0x0000000083e00000, 0x0000000083e00000, 0x0000000083f00000|  0%| F|  |TAMS 0x0000000083e00000, 0x0000000083e00000| Untracked 
|  45|0x0000000083f00000, 0x0000000083f00000, 0x0000000084000000|  0%| F|  |TAMS 0x0000000083f00000, 0x0000000083f00000| Untracked 
|  46|0x0000000084000000, 0x0000000084000000, 0x0000000084100000|  0%| F|  |TAMS 0x0000000084000000, 0x0000000084000000| Untracked 
|  47|0x0000000084100000, 0x0000000084100000, 0x0000000084200000|  0%| F|  |TAMS 0x0000000084100000, 0x0000000084100000| Untracked 
|  48|0x0000000084200000, 0x0000000084200000, 0x0000000084300000|  0%| F|  |TAMS 0x0000000084200000, 0x0000000084200000| Untracked 
|  49|0x0000000084300000, 0x0000000084300000, 0x0000000084400000|  0%| F|  |TAMS 0x0000000084300000, 0x0000000084300000| Untracked 
|  50|0x0000000084400000, 0x0000000084400000, 0x0000000084500000|  0%| F|  |TAMS 0x0000000084400000, 0x0000000084400000| Untracked 
|  51|0x0000000084500000, 0x0000000084500000, 0x0000000084600000|  0%| F|  |TAMS 0x0000000084500000, 0x0000000084500000| Untracked 
|  52|0x0000000084600000, 0x0000000084600000, 0x0000000084700000|  0%| F|  |TAMS 0x0000000084600000, 0x0000000084600000| Untracked 
|  53|0x0000000084700000, 0x0000000084700000, 0x0000000084800000|  0%| F|  |TAMS 0x0000000084700000, 0x0000000084700000| Untracked 
|  54|0x0000000084800000, 0x0000000084800000, 0x0000000084900000|  0%| F|  |TAMS 0x0000000084800000, 0x0000000084800000| Untracked 
|  55|0x0000000084900000, 0x0000000084900000, 0x0000000084a00000|  0%| F|  |TAMS 0x0000000084900000, 0x0000000084900000| Untracked 
|  56|0x0000000084a00000, 0x0000000084a00000, 0x0000000084b00000|  0%| F|  |TAMS 0x0000000084a00000, 0x0000000084a00000| Untracked 
|  57|0x0000000084b00000, 0x0000000084b00000, 0x0000000084c00000|  0%| F|  |TAMS 0x0000000084b00000, 0x0000000084b00000| Untracked 
|  58|0x0000000084c00000, 0x0000000084c00000, 0x0000000084d00000|  0%| F|  |TAMS 0x0000000084c00000, 0x0000000084c00000| Untracked 
|  59|0x0000000084d00000, 0x0000000084d00000, 0x0000000084e00000|  0%| F|  |TAMS 0x0000000084d00000, 0x0000000084d00000| Untracked 
|  60|0x0000000084e00000, 0x0000000084e00000, 0x0000000084f00000|  0%| F|  |TAMS 0x0000000084e00000, 0x0000000084e00000| Untracked 
|  61|0x0000000084f00000, 0x0000000084f00000, 0x0000000085000000|  0%| F|  |TAMS 0x0000000084f00000, 0x0000000084f00000| Untracked 
|  62|0x0000000085000000, 0x0000000085000000, 0x0000000085100000|  0%| F|  |TAMS 0x0000000085000000, 0x0000000085000000| Untracked 
|  63|0x0000000085100000, 0x0000000085100000, 0x0000000085200000|  0%| F|  |TAMS 0x0000000085100000, 0x0000000085100000| Untracked 
|  64|0x0000000085200000, 0x0000000085200000, 0x0000000085300000|  0%| F|  |TAMS 0x0000000085200000, 0x0000000085200000| Untracked 
|  65|0x0000000085300000, 0x0000000085400000, 0x0000000085400000|100%| E|  |TAMS 0x0000000085300000, 0x0000000085300000| Complete 
|  66|0x0000000085400000, 0x0000000085500000, 0x0000000085500000|100%| E|CS|TAMS 0x0000000085400000, 0x0000000085400000| Complete 
|  67|0x0000000085500000, 0x0000000085600000, 0x0000000085600000|100%| E|CS|TAMS 0x0000000085500000, 0x0000000085500000| Complete 
|  68|0x0000000085600000, 0x0000000085700000, 0x0000000085700000|100%| E|CS|TAMS 0x0000000085600000, 0x0000000085600000| Complete 
|  69|0x0000000085700000, 0x0000000085800000, 0x0000000085800000|100%| E|CS|TAMS 0x0000000085700000, 0x0000000085700000| Complete 
|  70|0x0000000085800000, 0x0000000085900000, 0x0000000085900000|100%| E|CS|TAMS 0x0000000085800000, 0x0000000085800000| Complete 
|  71|0x0000000085900000, 0x0000000085a00000, 0x0000000085a00000|100%| E|  |TAMS 0x0000000085900000, 0x0000000085900000| Complete 
|  72|0x0000000085a00000, 0x0000000085b00000, 0x0000000085b00000|100%| E|CS|TAMS 0x0000000085a00000, 0x0000000085a00000| Complete 
|  73|0x0000000085b00000, 0x0000000085c00000, 0x0000000085c00000|100%| E|CS|TAMS 0x0000000085b00000, 0x0000000085b00000| Complete 
| 121|0x0000000088b00000, 0x0000000088c00000, 0x0000000088c00000|100%| E|CS|TAMS 0x0000000088b00000, 0x0000000088b00000| Complete 
| 122|0x0000000088c00000, 0x0000000088d00000, 0x0000000088d00000|100%| E|CS|TAMS 0x0000000088c00000, 0x0000000088c00000| Complete 
| 123|0x0000000088d00000, 0x0000000088e00000, 0x0000000088e00000|100%| E|CS|TAMS 0x0000000088d00000, 0x0000000088d00000| Complete 
| 127|0x0000000089100000, 0x0000000089200000, 0x0000000089200000|100%| E|CS|TAMS 0x0000000089100000, 0x0000000089100000| Complete 

Card table byte_map: [0x000001a895f70000,0x000001a896370000] _byte_map_base: 0x000001a895b67000

Marking Bits (Prev, Next): (CMBitMap*) 0x000001a882ee6ab8, (CMBitMap*) 0x000001a882ee6a78
 Prev Bits: [0x000001a898730000, 0x000001a89a6e8000)
 Next Bits: [0x000001a896770000, 0x000001a898728000)

Polling page: 0x000001a882680000

Metaspace:

Usage:
  Non-class:     27.45 MB capacity,    27.03 MB ( 98%) used,   340.48 KB (  1%) free+waste,    86.31 KB ( <1%) overhead. 
      Class:      3.90 MB capacity,     3.64 MB ( 93%) used,   221.01 KB (  6%) free+waste,    40.81 KB (  1%) overhead. 
       Both:     31.35 MB capacity,    30.68 MB ( 98%) used,   561.49 KB (  2%) free+waste,   127.13 KB ( <1%) overhead. 

Virtual space:
  Non-class space:       28.00 MB reserved,      27.50 MB ( 98%) committed 
      Class space:        1.00 GB reserved,       4.00 MB ( <1%) committed 
             Both:        1.03 GB reserved,      31.50 MB (  3%) committed 

Chunk freelists:
   Non-Class:  52.00 KB
       Class:  7.00 KB
        Both:  59.00 KB

MaxMetaspaceSize: 17179869184.00 GB
CompressedClassSpaceSize: 1.00 GB

CodeHeap 'non-profiled nmethods': size=120000Kb used=1332Kb max_used=1332Kb free=118667Kb
 bounds [0x000001a88e640000, 0x000001a88e8b0000, 0x000001a895b70000]
CodeHeap 'profiled nmethods': size=120000Kb used=5651Kb max_used=5651Kb free=114348Kb
 bounds [0x000001a887110000, 0x000001a8876a0000, 0x000001a88e640000]
CodeHeap 'non-nmethods': size=5760Kb used=1201Kb max_used=1247Kb free=4558Kb
 bounds [0x000001a886b70000, 0x000001a886de0000, 0x000001a887110000]
 total_blobs=3198 nmethods=2735 adapters=375
 compilation: enabled
              stopped_count=0, restarted_count=0
 full_count=0

Compilation events (20 events):
Event: 2.781 Thread 0x000001a89d464000 nmethod 2732 0x000001a88e78cc90 code [0x000001a88e78ce20, 0x000001a88e78cee8]
Event: 2.781 Thread 0x000001a89d464000 2729       4       java.net.URLStreamHandler::parseURL (1201 bytes)
Event: 2.801 Thread 0x000001a89d4db800 2733       3       java.util.concurrent.ConcurrentHashMap::resizeStamp (9 bytes)
Event: 2.801 Thread 0x000001a89d4db800 nmethod 2733 0x000001a887691910 code [0x000001a887691aa0, 0x000001a887691ba8]
Event: 2.801 Thread 0x000001a89d4db800 2734       3       java.util.Collections$EmptyList::iterator (4 bytes)
Event: 2.801 Thread 0x000001a89d4db800 nmethod 2734 0x000001a887691c90 code [0x000001a887691e20, 0x000001a887691f78]
Event: 2.803 Thread 0x000001a89d4db800 2735       3       java.lang.invoke.BoundMethodHandle::editor (8 bytes)
Event: 2.804 Thread 0x000001a89d4db800 nmethod 2735 0x000001a887692010 code [0x000001a8876921e0, 0x000001a887692568]
Event: 2.812 Thread 0x000001a89d4db800 2736       3       sun.invoke.util.Wrapper::isSubwordOrInt (20 bytes)
Event: 2.812 Thread 0x000001a89d4db800 nmethod 2736 0x000001a887692710 code [0x000001a8876928c0, 0x000001a887692cd8]
Event: 2.812 Thread 0x000001a89d4db800 2737       3       sun.invoke.util.Wrapper::isIntegral (23 bytes)
Event: 2.813 Thread 0x000001a89d4db800 nmethod 2737 0x000001a887692e10 code [0x000001a887692fc0, 0x000001a887693218]
Event: 2.813 Thread 0x000001a89d4db800 2738       3       sun.invoke.util.Wrapper::isNumeric (16 bytes)
Event: 2.813 Thread 0x000001a89d4db800 nmethod 2738 0x000001a887693310 code [0x000001a8876934a0, 0x000001a8876935f8]
Event: 2.813 Thread 0x000001a89d4db800 2740       3       sun.invoke.util.Wrapper::isSingleWord (15 bytes)
Event: 2.813 Thread 0x000001a89d4db800 nmethod 2740 0x000001a887693690 code [0x000001a887693820, 0x000001a887693978]
Event: 2.829 Thread 0x000001a89d4db800 2741       3       java.lang.Integer::reverseBytes (28 bytes)
Event: 2.829 Thread 0x000001a89d4db800 nmethod 2741 0x000001a887693a10 code [0x000001a887693ba0, 0x000001a887693cb8]
Event: 2.830 Thread 0x000001a89d4db800 2743       3       sun.security.provider.SHA::implCompress0 (482 bytes)
Event: 2.831 Thread 0x000001a89d4db800 nmethod 2743 0x000001a887693d90 code [0x000001a887693fa0, 0x000001a887694858]

GC Heap History (16 events):
Event: 0.690 GC heap before
{Heap before GC invocations=0 (full 0):
 garbage-first heap   total 131072K, used 12288K [0x0000000081200000, 0x0000000100000000)
  region size 1024K, 13 young (13312K), 0 survivors (0K)
 Metaspace       used 10532K, capacity 10693K, committed 10880K, reserved 1058816K
  class space    used 1001K, capacity 1055K, committed 1152K, reserved 1048576K
}
Event: 0.695 GC heap after
{Heap after GC invocations=1 (full 0):
 garbage-first heap   total 131072K, used 3579K [0x0000000081200000, 0x0000000100000000)
  region size 1024K, 2 young (2048K), 2 survivors (2048K)
 Metaspace       used 10532K, capacity 10693K, committed 10880K, reserved 1058816K
  class space    used 1001K, capacity 1055K, committed 1152K, reserved 1048576K
}
Event: 0.927 GC heap before
{Heap before GC invocations=1 (full 0):
 garbage-first heap   total 131072K, used 16891K [0x0000000081200000, 0x0000000100000000)
  region size 1024K, 15 young (15360K), 2 survivors (2048K)
 Metaspace       used 15236K, capacity 15491K, committed 15744K, reserved 1062912K
  class space    used 1563K, capacity 1661K, committed 1664K, reserved 1048576K
}
Event: 0.931 GC heap after
{Heap after GC invocations=2 (full 0):
 garbage-first heap   total 131072K, used 4618K [0x0000000081200000, 0x0000000100000000)
  region size 1024K, 1 young (1024K), 1 survivors (1024K)
 Metaspace       used 15236K, capacity 15491K, committed 15744K, reserved 1062912K
  class space    used 1563K, capacity 1661K, committed 1664K, reserved 1048576K
}
Event: 1.260 GC heap before
{Heap before GC invocations=2 (full 0):
 garbage-first heap   total 131072K, used 29194K [0x0000000081200000, 0x0000000100000000)
  region size 1024K, 25 young (25600K), 1 survivors (1024K)
 Metaspace       used 20116K, capacity 20527K, committed 20736K, reserved 1067008K
  class space    used 2302K, capacity 2447K, committed 2560K, reserved 1048576K
}
Event: 1.262 GC heap after
{Heap after GC invocations=3 (full 0):
 garbage-first heap   total 131072K, used 5691K [0x0000000081200000, 0x0000000100000000)
  region size 1024K, 3 young (3072K), 3 survivors (3072K)
 Metaspace       used 20116K, capacity 20527K, committed 20736K, reserved 1067008K
  class space    used 2302K, capacity 2447K, committed 2560K, reserved 1048576K
}
Event: 1.297 GC heap before
{Heap before GC invocations=3 (full 0):
 garbage-first heap   total 131072K, used 8763K [0x0000000081200000, 0x0000000100000000)
  region size 1024K, 7 young (7168K), 3 survivors (3072K)
 Metaspace       used 20774K, capacity 21177K, committed 21248K, reserved 1069056K
  class space    used 2361K, capacity 2514K, committed 2560K, reserved 1048576K
}
Event: 1.299 GC heap after
{Heap after GC invocations=4 (full 0):
 garbage-first heap   total 131072K, used 5811K [0x0000000081200000, 0x0000000100000000)
  region size 1024K, 3 young (3072K), 3 survivors (3072K)
 Metaspace       used 20774K, capacity 21177K, committed 21248K, reserved 1069056K
  class space    used 2361K, capacity 2514K, committed 2560K, reserved 1048576K
}
Event: 1.464 GC heap before
{Heap before GC invocations=5 (full 0):
 garbage-first heap   total 27648K, used 19123K [0x0000000081200000, 0x0000000100000000)
  region size 1024K, 16 young (16384K), 3 survivors (3072K)
 Metaspace       used 23742K, capacity 24211K, committed 24448K, reserved 1071104K
  class space    used 2719K, capacity 2864K, committed 2944K, reserved 1048576K
}
Event: 1.467 GC heap after
{Heap after GC invocations=6 (full 0):
 garbage-first heap   total 27648K, used 6185K [0x0000000081200000, 0x0000000100000000)
  region size 1024K, 1 young (1024K), 1 survivors (1024K)
 Metaspace       used 23742K, capacity 24211K, committed 24448K, reserved 1071104K
  class space    used 2719K, capacity 2864K, committed 2944K, reserved 1048576K
}
Event: 1.609 GC heap before
{Heap before GC invocations=6 (full 0):
 garbage-first heap   total 27648K, used 17449K [0x0000000081200000, 0x0000000100000000)
  region size 1024K, 13 young (13312K), 1 survivors (1024K)
 Metaspace       used 25665K, capacity 26166K, committed 26240K, reserved 1073152K
  class space    used 2980K, capacity 3179K, committed 3200K, reserved 1048576K
}
Event: 1.611 GC heap after
{Heap after GC invocations=7 (full 0):
 garbage-first heap   total 27648K, used 6704K [0x0000000081200000, 0x0000000100000000)
  region size 1024K, 2 young (2048K), 2 survivors (2048K)
 Metaspace       used 25665K, capacity 26166K, committed 26240K, reserved 1073152K
  class space    used 2980K, capacity 3179K, committed 3200K, reserved 1048576K
}
Event: 1.872 GC heap before
{Heap before GC invocations=7 (full 0):
 garbage-first heap   total 27648K, used 17968K [0x0000000081200000, 0x0000000100000000)
  region size 1024K, 14 young (14336K), 2 survivors (2048K)
 Metaspace       used 26460K, capacity 26969K, committed 27136K, reserved 1073152K
  class space    used 3066K, capacity 3271K, committed 3328K, reserved 1048576K
}
Event: 1.876 GC heap after
{Heap after GC invocations=8 (full 0):
 garbage-first heap   total 27648K, used 7354K [0x0000000081200000, 0x0000000100000000)
  region size 1024K, 2 young (2048K), 2 survivors (2048K)
 Metaspace       used 26460K, capacity 26969K, committed 27136K, reserved 1073152K
  class space    used 3066K, capacity 3271K, committed 3328K, reserved 1048576K
}
Event: 2.223 GC heap before
{Heap before GC invocations=8 (full 0):
 garbage-first heap   total 27648K, used 19642K [0x0000000081200000, 0x0000000100000000)
  region size 1024K, 14 young (14336K), 2 survivors (2048K)
 Metaspace       used 28592K, capacity 29116K, committed 29184K, reserved 1075200K
  class space    used 3334K, capacity 3554K, committed 3584K, reserved 1048576K
}
Event: 2.228 GC heap after
{Heap after GC invocations=9 (full 0):
 garbage-first heap   total 79872K, used 7925K [0x0000000081200000, 0x0000000100000000)
  region size 1024K, 2 young (2048K), 2 survivors (2048K)
 Metaspace       used 28592K, capacity 29116K, committed 29184K, reserved 1075200K
  class space    used 3334K, capacity 3554K, committed 3584K, reserved 1048576K
}

Deoptimization events (20 events):
Event: 2.692 Thread 0x000001a882ea3800 DEOPT PACKING pc=0x000001a88e6c0ff4 sp=0x00000078b40fa850
Event: 2.692 Thread 0x000001a882ea3800 DEOPT UNPACKING pc=0x000001a886bb912f sp=0x00000078b40fa700 mode 2
Event: 2.696 Thread 0x000001a882ea3800 Uncommon trap: trap_request=0xffffff45 fr.pc=0x000001a88e73dca4 relative=0x0000000000000a64
Event: 2.696 Thread 0x000001a882ea3800 Uncommon trap: reason=unstable_if action=reinterpret pc=0x000001a88e73dca4 method=jdk.internal.org.objectweb.asm.SymbolTable.put(Ljdk/internal/org/objectweb/asm/SymbolTable$Entry;)Ljdk/internal/org/objectweb/asm/SymbolTable$Entry; @ 13 c2
Event: 2.696 Thread 0x000001a882ea3800 DEOPT PACKING pc=0x000001a88e73dca4 sp=0x00000078b40fc420
Event: 2.696 Thread 0x000001a882ea3800 DEOPT UNPACKING pc=0x000001a886bb912f sp=0x00000078b40fc340 mode 2
Event: 2.733 Thread 0x000001a882ea3800 Uncommon trap: trap_request=0xffffff45 fr.pc=0x000001a88e7253c0 relative=0x0000000000000260
Event: 2.733 Thread 0x000001a882ea3800 Uncommon trap: reason=unstable_if action=reinterpret pc=0x000001a88e7253c0 method=java.util.LinkedHashMap.get(Ljava/lang/Object;)Ljava/lang/Object; @ 20 c2
Event: 2.733 Thread 0x000001a882ea3800 DEOPT PACKING pc=0x000001a88e7253c0 sp=0x00000078b40fe360
Event: 2.733 Thread 0x000001a882ea3800 DEOPT UNPACKING pc=0x000001a886bb912f sp=0x00000078b40fe308 mode 2
Event: 2.748 Thread 0x000001a882ea3800 DEOPT PACKING pc=0x000001a887462611 sp=0x00000078b40fdd00
Event: 2.748 Thread 0x000001a882ea3800 DEOPT UNPACKING pc=0x000001a886bb964e sp=0x00000078b40fd1f8 mode 0
Event: 2.749 Thread 0x000001a882ea3800 Uncommon trap: trap_request=0xffffff45 fr.pc=0x000001a88e76df68 relative=0x0000000000000548
Event: 2.749 Thread 0x000001a882ea3800 Uncommon trap: reason=unstable_if action=reinterpret pc=0x000001a88e76df68 method=java.util.Properties.loadConvert([CIILjava/lang/StringBuilder;)Ljava/lang/String; @ 26 c2
Event: 2.749 Thread 0x000001a882ea3800 DEOPT PACKING pc=0x000001a88e76df68 sp=0x00000078b40fdd50
Event: 2.749 Thread 0x000001a882ea3800 DEOPT UNPACKING pc=0x000001a886bb912f sp=0x00000078b40fdd10 mode 2
Event: 2.752 Thread 0x000001a882ea3800 DEOPT PACKING pc=0x000001a887462611 sp=0x00000078b40fdc90
Event: 2.752 Thread 0x000001a882ea3800 DEOPT UNPACKING pc=0x000001a886bb964e sp=0x00000078b40fd180 mode 0
Event: 2.752 Thread 0x000001a882ea3800 DEOPT PACKING pc=0x000001a88768d0ee sp=0x00000078b40fdc70
Event: 2.752 Thread 0x000001a882ea3800 DEOPT UNPACKING pc=0x000001a886bb964e sp=0x00000078b40fd188 mode 0

Classes unloaded (0 events):
No events

Classes redefined (0 events):
No events

Internal exceptions (20 events):
Event: 1.462 Thread 0x000001a882ea3800 Exception <a 'java/lang/ClassNotFoundException'{0x0000000081d47180}: org/springframework/context/ResourceLoaderAwareCustomizer> (0x0000000081d47180) 
thrown [./open/src/hotspot/share/classfile/systemDictionary.cpp, line 226]
Event: 1.462 Thread 0x000001a882ea3800 Exception <a 'java/lang/ClassNotFoundException'{0x0000000081d4f3f0}: org/springframework/beans/factory/AwareCustomizer> (0x0000000081d4f3f0) 
thrown [./open/src/hotspot/share/classfile/systemDictionary.cpp, line 226]
Event: 1.462 Thread 0x000001a882ea3800 Exception <a 'java/lang/ClassNotFoundException'{0x0000000081d571e0}: org/springframework/beans/factory/BeanClassLoaderAwareCustomizer> (0x0000000081d571e0) 
thrown [./open/src/hotspot/share/classfile/systemDictionary.cpp, line 226]
Event: 1.463 Thread 0x000001a882ea3800 Exception <a 'java/lang/ClassNotFoundException'{0x0000000081d5f468}: org/springframework/beans/factory/AwareCustomizer> (0x0000000081d5f468) 
thrown [./open/src/hotspot/share/classfile/systemDictionary.cpp, line 226]
Event: 1.463 Thread 0x000001a882ea3800 Exception <a 'java/lang/ClassNotFoundException'{0x0000000081d66a68}: org/springframework/context/EnvironmentAwareCustomizer> (0x0000000081d66a68) 
thrown [./open/src/hotspot/share/classfile/systemDictionary.cpp, line 226]
Event: 1.463 Thread 0x000001a882ea3800 Exception <a 'java/lang/ClassNotFoundException'{0x0000000081d6ec40}: org/springframework/beans/factory/AwareCustomizer> (0x0000000081d6ec40) 
thrown [./open/src/hotspot/share/classfile/systemDictionary.cpp, line 226]
Event: 1.492 Thread 0x000001a882ea3800 Exception <a 'java/lang/NoSuchMethodError'{0x0000000088b092e0}: 'java.lang.Object java.lang.invoke.Invokers$Holder.invokeExact_MT(java.lang.Object, java.lang.Object, java.lang.Object, java.lang.Object, java.lang.Object, java.lang.Object)'> (0x0000000088b092e0) 
thrown [./open/src/hotspot/share/interpreter/linkResolver.cpp, line 766]
Event: 1.544 Thread 0x000001a89e5e2800 Exception <a 'java/lang/NoSuchMethodError'{0x00000000826ca438}: 'long java.lang.invoke.DirectMethodHandle$Holder.invokeStatic(java.lang.Object, java.lang.Object)'> (0x00000000826ca438) 
thrown [./open/src/hotspot/share/interpreter/linkResolver.cpp, line 766]
Event: 1.544 Thread 0x000001a89e5e2800 Exception <a 'java/lang/NoSuchMethodError'{0x00000000826cd140}: 'long java.lang.invoke.DirectMethodHandle$Holder.invokeStaticInit(java.lang.Object, java.lang.Object)'> (0x00000000826cd140) 
thrown [./open/src/hotspot/share/interpreter/linkResolver.cpp, line 766]
Event: 1.547 Thread 0x000001a89e5e2800 Exception <a 'java/lang/NoSuchMethodError'{0x00000000826fd668}: 'long java.lang.invoke.DirectMethodHandle$Holder.invokeInterface(java.lang.Object, java.lang.Object)'> (0x00000000826fd668) 
thrown [./open/src/hotspot/share/interpreter/linkResolver.cpp, line 766]
Event: 1.548 Thread 0x000001a89e5e2800 Exception <a 'java/lang/IncompatibleClassChangeError'{0x0000000082523398}: Found class java.lang.Object, but interface was expected> (0x0000000082523398) 
thrown [./open/src/hotspot/share/interpreter/linkResolver.cpp, line 832]
Event: 1.559 Thread 0x000001a89e5e2800 Exception <a 'java/lang/NoSuchMethodError'{0x00000000824414b8}: 'java.lang.Object java.lang.invoke.DirectMethodHandle$Holder.invokeVirtual(java.lang.Object, java.lang.Object, java.lang.Object, java.lang.Object)'> (0x00000000824414b8) 
thrown [./open/src/hotspot/share/interpreter/linkResolver.cpp, line 766]
Event: 1.621 Thread 0x000001a882ea3800 Exception <a 'java/lang/IncompatibleClassChangeError'{0x0000000089182c30}: Found class java.lang.Object, but interface was expected> (0x0000000089182c30) 
thrown [./open/src/hotspot/share/interpreter/linkResolver.cpp, line 832]
Event: 1.654 Thread 0x000001a882ea3800 Exception <a 'java/lang/NoSuchMethodError'{0x0000000088d92178}: 'void java.lang.invoke.DirectMethodHandle$Holder.invokeInterface(java.lang.Object, java.lang.Object, java.lang.Object, java.lang.Object)'> (0x0000000088d92178) 
thrown [./open/src/hotspot/share/interpreter/linkResolver.cpp, line 766]
Event: 2.501 Thread 0x000001a882ea3800 Exception <a 'java/lang/NoSuchMethodError'{0x000000008592c488}: 'int java.lang.invoke.DirectMethodHandle$Holder.invokeSpecial(java.lang.Object, java.lang.Object, java.lang.Object, java.lang.Object, java.lang.Object)'> (0x000000008592c488) 
thrown [./open/src/hotspot/share/interpreter/linkResolver.cpp, line 766]
Event: 2.627 Thread 0x000001a882ea3800 Exception <a 'java/lang/NoSuchMethodError'{0x00000000857c9cd0}: 'void java.lang.invoke.DirectMethodHandle$Holder.invokeInterface(java.lang.Object, java.lang.Object, int)'> (0x00000000857c9cd0) 
thrown [./open/src/hotspot/share/interpreter/linkResolver.cpp, line 766]
Event: 2.631 Thread 0x000001a882ea3800 Exception <a 'java/lang/NoSuchMethodError'{0x000000008560b5e0}: 'void java.lang.invoke.DirectMethodHandle$Holder.invokeStatic(java.lang.Object, int, java.lang.Object)'> (0x000000008560b5e0) 
thrown [./open/src/hotspot/share/interpreter/linkResolver.cpp, line 766]
Event: 2.634 Thread 0x000001a882ea3800 Exception <a 'java/lang/NoSuchMethodError'{0x000000008562c728}: 'int java.lang.invoke.DirectMethodHandle$Holder.invokeVirtual(java.lang.Object, java.lang.Object)'> (0x000000008562c728) 
thrown [./open/src/hotspot/share/interpreter/linkResolver.cpp, line 766]
Event: 2.639 Thread 0x000001a882ea3800 Exception <a 'java/lang/NoSuchMethodError'{0x0000000085635de0}: 'int java.lang.invoke.DirectMethodHandle$Holder.invokeSpecialIFC(java.lang.Object, java.lang.Object, java.lang.Object, java.lang.Object)'> (0x0000000085635de0) 
thrown [./open/src/hotspot/share/interpreter/linkResolver.cpp, line 766]
Event: 2.813 Thread 0x000001a882ea3800 Exception <a 'java/lang/NoSuchMethodError'{0x0000000085399a80}: 'java.lang.Object java.lang.invoke.DirectMethodHandle$Holder.invokeStaticInit(java.lang.Object, int, int, int, int)'> (0x0000000085399a80) 
thrown [./open/src/hotspot/share/interpreter/linkResolver.cpp, line 766]

Events (20 events):
Event: 2.826 loading class sun/security/provider/DigestBase done
Event: 2.827 loading class sun/security/provider/SHA done
Event: 2.827 loading class sun/security/jca/GetInstance$Instance
Event: 2.827 loading class sun/security/jca/GetInstance$Instance done
Event: 2.827 loading class java/security/MessageDigest$Delegate
Event: 2.827 loading class sun/security/util/MessageDigestSpi2
Event: 2.828 loading class sun/security/util/MessageDigestSpi2 done
Event: 2.828 loading class java/security/MessageDigest$Delegate done
Event: 2.828 loading class sun/security/provider/SeedGenerator$1
Event: 2.828 loading class sun/security/provider/SeedGenerator$1 done
Event: 2.829 loading class sun/security/provider/ByteArrayAccess
Event: 2.829 loading class sun/security/provider/ByteArrayAccess done
Event: 2.831 loading class java/net/NetworkInterface
Event: 2.831 loading class java/net/NetworkInterface done
Event: 2.833 loading class java/net/InterfaceAddress
Event: 2.833 loading class java/net/InterfaceAddress done
Event: 2.833 loading class java/net/DefaultInterface
Event: 2.833 loading class java/net/DefaultInterface done
Event: 2.904 loading class java/net/NetworkInterface$1
Event: 2.904 loading class java/net/NetworkInterface$1 done


Dynamic libraries:
0x00007ff625960000 - 0x00007ff62596d000 	C:\Users\greg\.p2\pool\plugins\org.eclipse.justj.openjdk.hotspot.jre.full.win32.x86_64_14.0.2.v20200815-0932\jre\bin\javaw.exe
0x00007ffafb350000 - 0x00007ffafb545000 	C:\WINDOWS\SYSTEM32\ntdll.dll
0x00007ffaf96b0000 - 0x00007ffaf976e000 	C:\WINDOWS\System32\KERNEL32.DLL
0x00007ffaf8fb0000 - 0x00007ffaf9278000 	C:\WINDOWS\System32\KERNELBASE.dll
0x00007ffaf8b70000 - 0x00007ffaf8c70000 	C:\WINDOWS\System32\ucrtbase.dll
0x00007ffaeeb20000 - 0x00007ffaeeb38000 	C:\Users\greg\.p2\pool\plugins\org.eclipse.justj.openjdk.hotspot.jre.full.win32.x86_64_14.0.2.v20200815-0932\jre\bin\jli.dll
0x00007ffaf94a0000 - 0x00007ffaf9641000 	C:\WINDOWS\System32\USER32.dll
0x00007ffaf8ab0000 - 0x00007ffaf8ad2000 	C:\WINDOWS\System32\win32u.dll
0x00007ffafb270000 - 0x00007ffafb29b000 	C:\WINDOWS\System32\GDI32.dll
0x00007ffaf9280000 - 0x00007ffaf938d000 	C:\WINDOWS\System32\gdi32full.dll
0x00007ffaf8f10000 - 0x00007ffaf8fad000 	C:\WINDOWS\System32\msvcp_win.dll
0x00007ffaf0370000 - 0x00007ffaf0385000 	C:\Users\greg\.p2\pool\plugins\org.eclipse.justj.openjdk.hotspot.jre.full.win32.x86_64_14.0.2.v20200815-0932\jre\bin\VCRUNTIME140.dll
0x00007ffae5610000 - 0x00007ffae58aa000 	C:\WINDOWS\WinSxS\amd64_microsoft.windows.common-controls_6595b64144ccf1df_6.0.19041.1110_none_60b5254171f9507e\COMCTL32.dll
0x00007ffaf9f70000 - 0x00007ffafa00e000 	C:\WINDOWS\System32\msvcrt.dll
0x00007ffafa0e0000 - 0x00007ffafa110000 	C:\WINDOWS\System32\IMM32.DLL
0x00007ffa88e20000 - 0x00007ffa88ebb000 	C:\Users\greg\.p2\pool\plugins\org.eclipse.justj.openjdk.hotspot.jre.full.win32.x86_64_14.0.2.v20200815-0932\jre\bin\msvcp140.dll
0x00007ffa78770000 - 0x00007ffa7928e000 	C:\Users\greg\.p2\pool\plugins\org.eclipse.justj.openjdk.hotspot.jre.full.win32.x86_64_14.0.2.v20200815-0932\jre\bin\server\jvm.dll
0x00007ffaf9ec0000 - 0x00007ffaf9f6e000 	C:\WINDOWS\System32\ADVAPI32.dll
0x00007ffaf9e20000 - 0x00007ffaf9ebc000 	C:\WINDOWS\System32\sechost.dll
0x00007ffafade0000 - 0x00007ffafaf05000 	C:\WINDOWS\System32\RPCRT4.dll
0x00007ffafb300000 - 0x00007ffafb308000 	C:\WINDOWS\System32\PSAPI.DLL
0x00007ffae73e0000 - 0x00007ffae73e9000 	C:\WINDOWS\SYSTEM32\WSOCK32.dll
0x00007ffafa120000 - 0x00007ffafa18b000 	C:\WINDOWS\System32\WS2_32.dll
0x00007ffaecca0000 - 0x00007ffaeccc7000 	C:\WINDOWS\SYSTEM32\WINMM.dll
0x00007ffaf25d0000 - 0x00007ffaf25da000 	C:\WINDOWS\SYSTEM32\VERSION.dll
0x00007ffaf72e0000 - 0x00007ffaf72f2000 	C:\WINDOWS\SYSTEM32\kernel.appcore.dll
0x00007ffaf0300000 - 0x00007ffaf030a000 	C:\Users\greg\.p2\pool\plugins\org.eclipse.justj.openjdk.hotspot.jre.full.win32.x86_64_14.0.2.v20200815-0932\jre\bin\jimage.dll
0x00007ffaece30000 - 0x00007ffaed014000 	C:\WINDOWS\SYSTEM32\DBGHELP.DLL
0x00007ffaeca80000 - 0x00007ffaecaac000 	C:\WINDOWS\SYSTEM32\dbgcore.DLL
0x00007ffaf8ae0000 - 0x00007ffaf8b62000 	C:\WINDOWS\System32\bcryptPrimitives.dll
0x00007ffaea7d0000 - 0x00007ffaea7f5000 	C:\Users\greg\.p2\pool\plugins\org.eclipse.justj.openjdk.hotspot.jre.full.win32.x86_64_14.0.2.v20200815-0932\jre\bin\java.dll
0x00007ffaee650000 - 0x00007ffaee666000 	C:\Users\greg\.p2\pool\plugins\org.eclipse.justj.openjdk.hotspot.jre.full.win32.x86_64_14.0.2.v20200815-0932\jre\bin\zip.dll
0x00007ffafa430000 - 0x00007ffafab74000 	C:\WINDOWS\System32\SHELL32.dll
0x00007ffaf6b30000 - 0x00007ffaf72c5000 	C:\WINDOWS\SYSTEM32\windows.storage.dll
0x00007ffafaf10000 - 0x00007ffafb265000 	C:\WINDOWS\System32\combase.dll
0x00007ffaf84b0000 - 0x00007ffaf84de000 	C:\WINDOWS\SYSTEM32\Wldp.dll
0x00007ffaf93f0000 - 0x00007ffaf949d000 	C:\WINDOWS\System32\SHCORE.dll
0x00007ffaf9390000 - 0x00007ffaf93e5000 	C:\WINDOWS\System32\shlwapi.dll
0x00007ffaf89a0000 - 0x00007ffaf89bf000 	C:\WINDOWS\SYSTEM32\profapi.dll
0x00007ffaea760000 - 0x00007ffaea779000 	C:\Users\greg\.p2\pool\plugins\org.eclipse.justj.openjdk.hotspot.jre.full.win32.x86_64_14.0.2.v20200815-0932\jre\bin\net.dll
0x00007ffaf0ee0000 - 0x00007ffaf0fec000 	C:\WINDOWS\SYSTEM32\WINHTTP.dll
0x00007ffaf8210000 - 0x00007ffaf827a000 	C:\WINDOWS\system32\mswsock.dll
0x00007ffad56d0000 - 0x00007ffad56e2000 	C:\Users\greg\.p2\pool\plugins\org.eclipse.justj.openjdk.hotspot.jre.full.win32.x86_64_14.0.2.v20200815-0932\jre\bin\nio.dll
0x00007ffaf02d0000 - 0x00007ffaf02e0000 	C:\Users\greg\.p2\pool\plugins\org.eclipse.justj.openjdk.hotspot.jre.full.win32.x86_64_14.0.2.v20200815-0932\jre\bin\verify.dll
0x00007ffaf48b0000 - 0x00007ffaf48b9000 	C:\Users\greg\.p2\pool\plugins\org.eclipse.justj.openjdk.hotspot.jre.full.win32.x86_64_14.0.2.v20200815-0932\jre\bin\management.dll
0x00007ffaf4850000 - 0x00007ffaf485b000 	C:\Users\greg\.p2\pool\plugins\org.eclipse.justj.openjdk.hotspot.jre.full.win32.x86_64_14.0.2.v20200815-0932\jre\bin\management_ext.dll
0x00007ffae3760000 - 0x00007ffae3777000 	C:\WINDOWS\system32\napinsp.dll
0x00007ffae34d0000 - 0x00007ffae34eb000 	C:\WINDOWS\system32\pnrpnsp.dll
0x00007ffae34b0000 - 0x00007ffae34c5000 	C:\WINDOWS\system32\wshbth.dll
0x00007ffaf4630000 - 0x00007ffaf464d000 	C:\WINDOWS\system32\NLAapi.dll
0x00007ffaf7eb0000 - 0x00007ffaf7eeb000 	C:\WINDOWS\SYSTEM32\IPHLPAPI.DLL
0x00007ffaf7ef0000 - 0x00007ffaf7fbb000 	C:\WINDOWS\SYSTEM32\DNSAPI.dll
0x00007ffaf9e10000 - 0x00007ffaf9e18000 	C:\WINDOWS\System32\NSI.dll
0x00007ffae3490000 - 0x00007ffae34a2000 	C:\WINDOWS\System32\winrnr.dll
0x00007ffaf0c30000 - 0x00007ffaf0c3a000 	C:\Windows\System32\rasadhlp.dll
0x00007ffaf0ae0000 - 0x00007ffaf0b5f000 	C:\WINDOWS\System32\fwpuclnt.dll
0x00007ffaf8c70000 - 0x00007ffaf8c97000 	C:\WINDOWS\System32\bcrypt.dll
0x00007ffaf8400000 - 0x00007ffaf8418000 	C:\WINDOWS\SYSTEM32\CRYPTSP.dll
0x00007ffaf7ac0000 - 0x00007ffaf7af4000 	C:\WINDOWS\system32\rsaenh.dll
0x00007ffaf8960000 - 0x00007ffaf898e000 	C:\WINDOWS\SYSTEM32\USERENV.dll
0x00007ffaf8420000 - 0x00007ffaf842c000 	C:\WINDOWS\SYSTEM32\CRYPTBASE.dll
0x00007ffaf2890000 - 0x00007ffaf28a7000 	C:\WINDOWS\SYSTEM32\dhcpcsvc6.DLL
0x00007ffaf2870000 - 0x00007ffaf288d000 	C:\WINDOWS\SYSTEM32\dhcpcsvc.DLL

dbghelp: loaded successfully - version: 4.0.5 - missing functions: none
symbol engine: initialized successfully - sym options: 0x614 - pdb path: .;C:\Users\greg\.p2\pool\plugins\org.eclipse.justj.openjdk.hotspot.jre.full.win32.x86_64_14.0.2.v20200815-0932\jre\bin;C:\WINDOWS\SYSTEM32;C:\WINDOWS\WinSxS\amd64_microsoft.windows.common-controls_6595b64144ccf1df_6.0.19041.1110_none_60b5254171f9507e;C:\Users\greg\.p2\pool\plugins\org.eclipse.justj.openjdk.hotspot.jre.full.win32.x86_64_14.0.2.v20200815-0932\jre\bin\server

VM Arguments:
jvm_args: -Dfile.encoding=UTF-8 -XX:+ShowCodeDetailsInExceptionMessages 
java_command: com.bezkoder.spring.files.upload.SpringBootUploadFilesApplication
java_class_path (initial): D:\FISE 3\n-tiers\back\spring-boot-upload-multipart-files\target\classes;C:\Users\greg\.m2\repository\org\springframework\boot\spring-boot-starter-web\2.2.4.RELEASE\spring-boot-starter-web-2.2.4.RELEASE.jar;C:\Users\greg\.m2\repository\org\springframework\boot\spring-boot-starter\2.2.4.RELEASE\spring-boot-starter-2.2.4.RELEASE.jar;C:\Users\greg\.m2\repository\org\springframework\boot\spring-boot\2.2.4.RELEASE\spring-boot-2.2.4.RELEASE.jar;C:\Users\greg\.m2\repository\org\springframework\boot\spring-boot-autoconfigure\2.2.4.RELEASE\spring-boot-autoconfigure-2.2.4.RELEASE.jar;C:\Users\greg\.m2\repository\org\springframework\boot\spring-boot-starter-logging\2.2.4.RELEASE\spring-boot-starter-logging-2.2.4.RELEASE.jar;C:\Users\greg\.m2\repository\ch\qos\logback\logback-classic\1.2.3\logback-classic-1.2.3.jar;C:\Users\greg\.m2\repository\ch\qos\logback\logback-core\1.2.3\logback-core-1.2.3.jar;C:\Users\greg\.m2\repository\org\apache\logging\log4j\log4j-to-slf4j\2.12.1\log4j-to-slf4j-2.12.1.jar;C:\Users\greg\.m2\repository\org\apache\logging\log4j\log4j-api\2.12.1\log4j-api-2.12.1.jar;C:\Users\greg\.m2\repository\org\slf4j\jul-to-slf4j\1.7.30\jul-to-slf4j-1.7.30.jar;C:\Users\greg\.m2\repository\jakarta\annotation\jakarta.annotation-api\1.3.5\jakarta.annotation-api-1.3.5.jar;C:\Users\greg\.m2\repository\org\yaml\snakeyaml\1.25\snakeyaml-1.25.jar;C:\Users\greg\.m2\repository\org\springframework\boot\spring-boot-starter-json\2.2.4.RELEASE\spring-boot-starter-json-2.2.4.RELEASE.jar;C:\Users\greg\.m2\repository\com\fasterxml\jackson\core\jackson-databind\2.10.2\jackson-databind-2.10.2.jar;C:\Users\greg\.m2\repository\com\fasterxml\jackson\core\jackson-annotations\2.10.2\jackson-annotations-2.10.2.jar;C:\Users\greg\.m2\repository\com\fasterxml\jackson\core\jackson-core\2.10.2\jackson-core-2.10.2.jar;C:\Users\greg\.m2\repository\com\fasterxml\jackson\datatype\jackson-datatype-jdk8\2.10.2\jackson-datatype-jdk8-2.10.2.jar;C:\Users\greg\.m2\repository\co
Launcher Type: SUN_STANDARD

[Global flags]
     intx CICompilerCount                          = 3                                         {product} {ergonomic}
     uint ConcGCThreads                            = 1                                         {product} {ergonomic}
     uint G1ConcRefinementThreads                  = 4                                         {product} {ergonomic}
   size_t G1HeapRegionSize                         = 1048576                                   {product} {ergonomic}
    uintx GCDrainStackTargetSize                   = 64                                        {product} {ergonomic}
   size_t InitialHeapSize                          = 134217728                                 {product} {ergonomic}
   size_t MarkStackSize                            = 4194304                                   {product} {ergonomic}
   size_t MaxHeapSize                              = 2128609280                                {product} {ergonomic}
   size_t MaxNewSize                               = 1277165568                                {product} {ergonomic}
   size_t MinHeapDeltaBytes                        = 1048576                                   {product} {ergonomic}
   size_t MinHeapSize                              = 8388608                                   {product} {ergonomic}
    uintx NonNMethodCodeHeapSize                   = 5832780                                {pd product} {ergonomic}
    uintx NonProfiledCodeHeapSize                  = 122912730                              {pd product} {ergonomic}
    uintx ProfiledCodeHeapSize                     = 122912730                              {pd product} {ergonomic}
    uintx ReservedCodeCacheSize                    = 251658240                              {pd product} {ergonomic}
     bool SegmentedCodeCache                       = true                                      {product} {ergonomic}
     bool ShowCodeDetailsInExceptionMessages       = true                                   {manageable} {command line}
   size_t SoftMaxHeapSize                          = 2128609280                             {manageable} {ergonomic}
     bool UseCompressedClassPointers               = true                                 {lp64_product} {ergonomic}
     bool UseCompressedOops                        = true                                 {lp64_product} {ergonomic}
     bool UseG1GC                                  = true                                      {product} {ergonomic}
     bool UseLargePagesIndividualAllocation        = false                                  {pd product} {ergonomic}

Logging:
Log output configuration:
 #0: stdout all=warning uptime,level,tags
 #1: stderr all=off uptime,level,tags

Environment Variables:
PATH=C:/Users/greg/.p2/pool/plugins/org.eclipse.justj.openjdk.hotspot.jre.full.win32.x86_64_14.0.2.v20200815-0932/jre/bin/server;C:/Users/greg/.p2/pool/plugins/org.eclipse.justj.openjdk.hotspot.jre.full.win32.x86_64_14.0.2.v20200815-0932/jre/bin;D:\FISE 1\Vm ware\bin\;D:\logiciel\perl\bin;C:\Users\greg\AppData\Roaming\ActiveState\bin;C:\Program Files\Common Files\Oracle\Java\javapath;C:\Program Files (x86)\Intel\iCLS Client\;C:\Program Files\Intel\iCLS Client\;C:\Windows\system32;C:\Windows;C:\Windows\System32\Wbem;C:\Windows\System32\WindowsPowerShell\v1.0\;C:\Program Files (x86)\Intel\Intel(R) Management Engine Components\DAL;C:\Program Files\Intel\Intel(R) Management Engine Components\DAL;C:\Program Files (x86)\Intel\Intel(R) Management Engine Components\IPT;C:\Program Files\Intel\Intel(R) Management Engine Components\IPT;C:\Program Files (x86)\NVIDIA Corporation\PhysX\Common;C:\Program Files\Intel\WiFi\bin\;C:\Program Files\Common Files\Intel\WirelessCommon\;C:\WINDOWS\system32;C:\WINDOWS;C:\WINDOWS\System32\Wbem;C:\WINDOWS\System32\WindowsPowerShell\v1.0\;C:\Program Files\dotnet\;C:\Program Files\Microsoft SQL Server\130\Tools\Binn\;C:\WINDOWS\System32\OpenSSH\;C:\Program Files\NVIDIA Corporation\NVIDIA NvDLISR;C:\Program Files\Microsoft SQL Server\Client SDK\ODBC\170\Tools\Binn\;D:\FISE 1\reseau\;C:\Program Files\Git\cmd;D:\logiciel\runtime\win64;D:\logiciel\bin;D:\Nouveau dossier\runtime\win64;D:\Nouveau dossier\bin;D:\logiciel\polyspace\bin;C:\WINDOWS\system32;C:\WINDOWS;C:\WINDOWS\System32\Wbem;C:\WINDOWS\System32\WindowsPowerShell\v1.0\;C:\WINDOWS\System32\OpenSSH\;D:\logiciel\;D:\awsCLI\;C:\Program Files\Graphviz\bin;D:\FISE 2\nodeJS\;C:\Users\greg\AppData\Local\activestate\StateTool\release;C:\Users\greg\AppData\Local\activestate\StateTool\release;C:\Users\greg\AppData\Local\activestate\StateTool\release;C:\Users\greg\AppData\Local\activestate\StateTool\release;C:\Users\greg\AppData\Local\activestate\StateTool\release;C:\Users\greg\AppData\Local\activestate
USERNAME=greg
OS=Windows_NT
PROCESSOR_IDENTIFIER=Intel64 Family 6 Model 158 Stepping 9, GenuineIntel



---------------  S Y S T E M  ---------------

OS: Windows 10 , 64 bit Build 19041 (10.0.19041.1466)
OS uptime: 3 days 7:08 hours

CPU:total 4 (initial active 4) (4 cores per cpu, 1 threads per core) family 6 model 158 stepping 9, cmov, cx8, fxsr, mmx, sse, sse2, sse3, ssse3, sse4.1, sse4.2, popcnt, avx, avx2, aes, clmul, erms, 3dnowpref, lzcnt, tsc, tscinvbit, bmi1, bmi2, adx, fma

Memory: 4k page, system-wide physical 8112M (560M free)
TotalPageFile size 17316M (AvailPageFile size 7M)
current process WorkingSet (physical memory assigned to process): 149M, peak: 149M
current process commit charge ("private bytes"): 222M, peak: 235M

vm_info: OpenJDK 64-Bit Server VM (14.0.2+12-46) for windows-amd64 JRE (14.0.2+12-46), built on Jul  9 2020 00:31:16 by "mach5one" with MS VC++ 15.9 (VS2017)

END.
